<?xml version="1.0" encoding="UTF-8"?>
<testng-results ignored="0" total="1" passed="1" failed="0" skipped="0">
  <reporter-output>
  </reporter-output>
  <suite started-at="2024-12-22T12:19:55 IST" name="Default suite" finished-at="2024-12-22T12:20:01 IST" duration-ms="5665">
    <groups>
    </groups>
    <test started-at="2024-12-22T12:19:55 IST" name="Default test" finished-at="2024-12-22T12:20:01 IST" duration-ms="5665">
      <class name="com.cdac.acts.TestClass">
        <test-method is-config="true" signature="profileSetup()[pri:0, instance:com.cdac.acts.TestClass@4afcd809]" started-at="2024-12-22T12:19:55 IST" name="profileSetup" finished-at="2024-12-22T12:19:59 IST" duration-ms="3645" status="PASS">
          <reporter-output>
          </reporter-output>
        </test-method> <!-- profileSetup -->
        <test-method signature="textBoxTest1()[pri:0, instance:com.cdac.acts.TestClass@4afcd809]" started-at="2024-12-22T12:19:59 IST" name="textBoxTest1" finished-at="2024-12-22T12:20:01 IST" duration-ms="1687" status="PASS">
          <reporter-output>
          </reporter-output>
        </test-method> <!-- textBoxTest1 -->
        <test-method is-config="true" signature="tearDown()[pri:0, instance:com.cdac.acts.TestClass@4afcd809]" started-at="2024-12-22T12:20:01 IST" name="tearDown" finished-at="2024-12-22T12:20:01 IST" duration-ms="283" status="PASS">
          <reporter-output>
          </reporter-output>
        </test-method> <!-- tearDown -->
      </class> <!-- com.cdac.acts.TestClass -->
    </test> <!-- Default test -->
  </suite> <!-- Default suite -->
</testng-results>
